<?xml version="1.0" encoding="UTF-8"?>
<coverage generated="1729752529679" clover="3.2.0">
  <project timestamp="1729752529679" name="All files">
    <metrics statements="65" coveredstatements="58" conditionals="52" coveredconditionals="41" methods="10" coveredmethods="9" elements="127" coveredelements="108" complexity="0" loc="65" ncloc="65" packages="1" files="4" classes="4"/>
    <file name="cityOffsetMap.ts" path="/Users/Code/compareTimeZone/lib/cityOffsetMap.ts">
      <metrics statements="5" coveredstatements="5" conditionals="0" coveredconditionals="0" methods="0" coveredmethods="0"/>
      <line num="1" count="1" type="stmt"/>
      <line num="46" count="1" type="stmt"/>
      <line num="69" count="1" type="stmt"/>
      <line num="95" count="1" type="stmt"/>
      <line num="124" count="1" type="stmt"/>
    </file>
    <file name="format.ts" path="/Users/Code/compareTimeZone/lib/format.ts">
      <metrics statements="18" coveredstatements="17" conditionals="14" coveredconditionals="13" methods="3" coveredmethods="3"/>
      <line num="4" count="16" type="cond" truecount="2" falsecount="0"/>
      <line num="5" count="14" type="cond" truecount="2" falsecount="0"/>
      <line num="6" count="13" type="stmt"/>
      <line num="7" count="13" type="stmt"/>
      <line num="8" count="13" type="cond" truecount="1" falsecount="1"/>
      <line num="9" count="51" type="stmt"/>
      <line num="10" count="13" type="stmt"/>
      <line num="12" count="0" type="stmt"/>
      <line num="16" count="8" type="stmt"/>
      <line num="17" count="8" type="stmt"/>
      <line num="18" count="8" type="cond" truecount="2" falsecount="0"/>
      <line num="19" count="4" type="cond" truecount="2" falsecount="0"/>
      <line num="20" count="2" type="stmt"/>
      <line num="24" count="4" type="stmt"/>
      <line num="25" count="4" type="stmt"/>
      <line num="26" count="4" type="cond" truecount="2" falsecount="0"/>
      <line num="27" count="3" type="cond" truecount="2" falsecount="0"/>
      <line num="28" count="2" type="stmt"/>
    </file>
    <file name="index.ts" path="/Users/Code/compareTimeZone/lib/index.ts">
      <metrics statements="41" coveredstatements="35" conditionals="38" coveredconditionals="28" methods="7" coveredmethods="6"/>
      <line num="4" count="1" type="stmt"/>
      <line num="7" count="0" type="cond" truecount="0" falsecount="2"/>
      <line num="8" count="0" type="stmt"/>
      <line num="9" count="0" type="stmt"/>
      <line num="11" count="0" type="stmt"/>
      <line num="16" count="4" type="cond" truecount="1" falsecount="1"/>
      <line num="17" count="4" type="stmt"/>
      <line num="18" count="128" type="cond" truecount="2" falsecount="0"/>
      <line num="19" count="4" type="stmt"/>
      <line num="23" count="4" type="stmt"/>
      <line num="27" count="12" type="stmt"/>
      <line num="28" count="12" type="cond" truecount="1" falsecount="1"/>
      <line num="29" count="12" type="stmt"/>
      <line num="30" count="480" type="cond" truecount="4" falsecount="0"/>
      <line num="31" count="12" type="stmt"/>
      <line num="35" count="12" type="stmt"/>
      <line num="40" count="8" type="cond" truecount="1" falsecount="1"/>
      <line num="42" count="8" type="stmt"/>
      <line num="43" count="8" type="stmt"/>
      <line num="44" count="8" type="cond" truecount="1" falsecount="1"/>
      <line num="45" count="8" type="cond" truecount="2" falsecount="0"/>
      <line num="46" count="8" type="cond" truecount="1" falsecount="1"/>
      <line num="48" count="8" type="cond" truecount="2" falsecount="0"/>
      <line num="49" count="8" type="stmt"/>
      <line num="50" count="8" type="cond" truecount="2" falsecount="0"/>
      <line num="52" count="8" type="cond" truecount="2" falsecount="0"/>
      <line num="57" count="4" type="cond" truecount="1" falsecount="1"/>
      <line num="58" count="4" type="stmt"/>
      <line num="59" count="4" type="stmt"/>
      <line num="60" count="4" type="stmt"/>
      <line num="61" count="4" type="stmt"/>
      <line num="62" count="4" type="stmt"/>
      <line num="64" count="4" type="cond" truecount="1" falsecount="1"/>
      <line num="65" count="4" type="stmt"/>
      <line num="67" count="4" type="cond" truecount="3" falsecount="1"/>
      <line num="68" count="4" type="stmt"/>
      <line num="69" count="4" type="cond" truecount="2" falsecount="0"/>
      <line num="70" count="4" type="stmt"/>
      <line num="71" count="4" type="cond" truecount="2" falsecount="0"/>
      <line num="75" count="0" type="stmt"/>
      <line num="77" count="0" type="stmt"/>
    </file>
    <file name="translation.ts" path="/Users/Code/compareTimeZone/lib/translation.ts">
      <metrics statements="1" coveredstatements="1" conditionals="0" coveredconditionals="0" methods="0" coveredmethods="0"/>
      <line num="13" count="1" type="stmt"/>
    </file>
  </project>
</coverage>
