{"/Users/Code/compareTimeZone/lib/cityOffsetMap.ts": {"path":"/Users/Code/compareTimeZone/lib/cityOffsetMap.ts","statementMap":{"0":{"start":{"line":1,"column":28},"end":{"line":42,"column":1}},"1":{"start":{"line":46,"column":27},"end":{"line":66,"column":1}},"2":{"start":{"line":69,"column":30},"end":{"line":93,"column":1}},"3":{"start":{"line":95,"column":30},"end":{"line":109,"column":1}},"4":{"start":{"line":124,"column":26},"end":{"line":135,"column":1}}},"fnMap":{},"branchMap":{},"s":{"0":1,"1":1,"2":1,"3":1,"4":1},"f":{},"b":{},"_coverageSchema":"1a1c01bbd47fc00a2c39e90264f33305004495a9","hash":"231894cf755a06c628a67f413cff0694f0cf61be"}
,"/Users/Code/compareTimeZone/lib/format.ts": {"path":"/Users/Code/compareTimeZone/lib/format.ts","statementMap":{"0":{"start":{"line":4,"column":2},"end":{"line":4,"column":36}},"1":{"start":{"line":4,"column":25},"end":{"line":4,"column":36}},"2":{"start":{"line":5,"column":2},"end":{"line":5,"column":37}},"3":{"start":{"line":5,"column":26},"end":{"line":5,"column":37}},"4":{"start":{"line":6,"column":16},"end":{"line":6,"column":20}},"5":{"start":{"line":7,"column":10},"end":{"line":7,"column":13}},"6":{"start":{"line":8,"column":2},"end":{"line":11,"column":3}},"7":{"start":{"line":9,"column":6},"end":{"line":9,"column":93}},"8":{"start":{"line":9,"column":29},"end":{"line":9,"column":93}},"9":{"start":{"line":10,"column":6},"end":{"line":10,"column":15}},"10":{"start":{"line":12,"column":2},"end":{"line":12,"column":11}},"11":{"start":{"line":16,"column":19},"end":{"line":16,"column":39}},"12":{"start":{"line":17,"column":15},"end":{"line":17,"column":64}},"13":{"start":{"line":18,"column":2},"end":{"line":18,"column":91}},"14":{"start":{"line":18,"column":13},"end":{"line":18,"column":91}},"15":{"start":{"line":19,"column":2},"end":{"line":19,"column":72}},"16":{"start":{"line":19,"column":12},"end":{"line":19,"column":72}},"17":{"start":{"line":20,"column":2},"end":{"line":20,"column":61}},"18":{"start":{"line":24,"column":19},"end":{"line":24,"column":39}},"19":{"start":{"line":25,"column":15},"end":{"line":25,"column":64}},"20":{"start":{"line":26,"column":2},"end":{"line":26,"column":64}},"21":{"start":{"line":26,"column":13},"end":{"line":26,"column":64}},"22":{"start":{"line":27,"column":2},"end":{"line":27,"column":97}},"23":{"start":{"line":27,"column":12},"end":{"line":27,"column":97}},"24":{"start":{"line":28,"column":2},"end":{"line":28,"column":86}}},"fnMap":{"0":{"name":"junctionFormat","decl":{"start":{"line":3,"column":16},"end":{"line":3,"column":30}},"loc":{"start":{"line":3,"column":52},"end":{"line":13,"column":1}},"line":3},"1":{"name":"replaceFormat","decl":{"start":{"line":15,"column":16},"end":{"line":15,"column":29}},"loc":{"start":{"line":15,"column":57},"end":{"line":21,"column":1}},"line":15},"2":{"name":"replaceFormatInput","decl":{"start":{"line":23,"column":16},"end":{"line":23,"column":34}},"loc":{"start":{"line":23,"column":62},"end":{"line":29,"column":1}},"line":23}},"branchMap":{"0":{"loc":{"start":{"line":4,"column":2},"end":{"line":4,"column":36}},"type":"if","locations":[{"start":{"line":4,"column":2},"end":{"line":4,"column":36}},{"start":{},"end":{}}],"line":4},"1":{"loc":{"start":{"line":5,"column":2},"end":{"line":5,"column":37}},"type":"if","locations":[{"start":{"line":5,"column":2},"end":{"line":5,"column":37}},{"start":{},"end":{}}],"line":5},"2":{"loc":{"start":{"line":8,"column":2},"end":{"line":11,"column":3}},"type":"if","locations":[{"start":{"line":8,"column":2},"end":{"line":11,"column":3}},{"start":{},"end":{}}],"line":8},"3":{"loc":{"start":{"line":18,"column":2},"end":{"line":18,"column":91}},"type":"if","locations":[{"start":{"line":18,"column":2},"end":{"line":18,"column":91}},{"start":{},"end":{}}],"line":18},"4":{"loc":{"start":{"line":19,"column":2},"end":{"line":19,"column":72}},"type":"if","locations":[{"start":{"line":19,"column":2},"end":{"line":19,"column":72}},{"start":{},"end":{}}],"line":19},"5":{"loc":{"start":{"line":26,"column":2},"end":{"line":26,"column":64}},"type":"if","locations":[{"start":{"line":26,"column":2},"end":{"line":26,"column":64}},{"start":{},"end":{}}],"line":26},"6":{"loc":{"start":{"line":27,"column":2},"end":{"line":27,"column":97}},"type":"if","locations":[{"start":{"line":27,"column":2},"end":{"line":27,"column":97}},{"start":{},"end":{}}],"line":27}},"s":{"0":16,"1":2,"2":14,"3":1,"4":13,"5":13,"6":13,"7":13,"8":51,"9":13,"10":0,"11":8,"12":8,"13":8,"14":4,"15":4,"16":2,"17":2,"18":4,"19":4,"20":4,"21":1,"22":3,"23":1,"24":2},"f":{"0":16,"1":8,"2":4},"b":{"0":[2,14],"1":[1,13],"2":[13,0],"3":[4,4],"4":[2,2],"5":[1,3],"6":[1,2]},"_coverageSchema":"1a1c01bbd47fc00a2c39e90264f33305004495a9","hash":"824b8177a0236ee3b4e1ce68224c48bad9ebd878"}
,"/Users/Code/compareTimeZone/lib/index.ts": {"path":"/Users/Code/compareTimeZone/lib/index.ts","statementMap":{"0":{"start":{"line":4,"column":18},"end":{"line":4,"column":25}},"1":{"start":{"line":7,"column":2},"end":{"line":10,"column":3}},"2":{"start":{"line":8,"column":21},"end":{"line":8,"column":35}},"3":{"start":{"line":9,"column":4},"end":{"line":9,"column":129}},"4":{"start":{"line":11,"column":2},"end":{"line":11,"column":57}},"5":{"start":{"line":16,"column":2},"end":{"line":22,"column":3}},"6":{"start":{"line":17,"column":4},"end":{"line":21,"column":7}},"7":{"start":{"line":18,"column":6},"end":{"line":20,"column":7}},"8":{"start":{"line":19,"column":8},"end":{"line":19,"column":65}},"9":{"start":{"line":23,"column":2},"end":{"line":23,"column":16}},"10":{"start":{"line":27,"column":25},"end":{"line":27,"column":28}},"11":{"start":{"line":28,"column":2},"end":{"line":34,"column":3}},"12":{"start":{"line":29,"column":4},"end":{"line":33,"column":7}},"13":{"start":{"line":30,"column":6},"end":{"line":32,"column":7}},"14":{"start":{"line":31,"column":8},"end":{"line":31,"column":69}},"15":{"start":{"line":35,"column":2},"end":{"line":35,"column":19}},"16":{"start":{"line":40,"column":2},"end":{"line":53,"column":3}},"17":{"start":{"line":42,"column":24},"end":{"line":42,"column":34}},"18":{"start":{"line":43,"column":28},"end":{"line":43,"column":63}},"19":{"start":{"line":44,"column":26},"end":{"line":44,"column":75}},"20":{"start":{"line":45,"column":16},"end":{"line":45,"column":122}},"21":{"start":{"line":46,"column":25},"end":{"line":46,"column":82}},"22":{"start":{"line":48,"column":19},"end":{"line":48,"column":142}},"23":{"start":{"line":49,"column":24},"end":{"line":49,"column":68}},"24":{"start":{"line":50,"column":21},"end":{"line":50,"column":145}},"25":{"start":{"line":52,"column":4},"end":{"line":52,"column":126}},"26":{"start":{"line":57,"column":2},"end":{"line":76,"column":3}},"27":{"start":{"line":58,"column":21},"end":{"line":58,"column":35}},"28":{"start":{"line":59,"column":19},"end":{"line":59,"column":33}},"29":{"start":{"line":60,"column":24},"end":{"line":60,"column":34}},"30":{"start":{"line":61,"column":28},"end":{"line":61,"column":63}},"31":{"start":{"line":62,"column":24},"end":{"line":62,"column":39}},"32":{"start":{"line":64,"column":4},"end":{"line":66,"column":5}},"33":{"start":{"line":65,"column":6},"end":{"line":65,"column":44}},"34":{"start":{"line":67,"column":4},"end":{"line":72,"column":5}},"35":{"start":{"line":68,"column":6},"end":{"line":68,"column":40}},"36":{"start":{"line":69,"column":21},"end":{"line":69,"column":156}},"37":{"start":{"line":70,"column":23},"end":{"line":70,"column":134}},"38":{"start":{"line":71,"column":6},"end":{"line":71,"column":129}},"39":{"start":{"line":75,"column":4},"end":{"line":75,"column":16}},"40":{"start":{"line":77,"column":2},"end":{"line":77,"column":11}}},"fnMap":{"0":{"name":"compareLocal","decl":{"start":{"line":6,"column":16},"end":{"line":6,"column":28}},"loc":{"start":{"line":6,"column":43},"end":{"line":12,"column":1}},"line":6},"1":{"name":"tzOffset","decl":{"start":{"line":14,"column":9},"end":{"line":14,"column":17}},"loc":{"start":{"line":14,"column":30},"end":{"line":24,"column":1}},"line":14},"2":{"name":"(anonymous_2)","decl":{"start":{"line":17,"column":38},"end":{"line":17,"column":39}},"loc":{"start":{"line":17,"column":46},"end":{"line":21,"column":5}},"line":17},"3":{"name":"gmtOffset","decl":{"start":{"line":26,"column":9},"end":{"line":26,"column":18}},"loc":{"start":{"line":26,"column":31},"end":{"line":36,"column":1}},"line":26},"4":{"name":"(anonymous_4)","decl":{"start":{"line":29,"column":38},"end":{"line":29,"column":39}},"loc":{"start":{"line":29,"column":47},"end":{"line":33,"column":5}},"line":29},"5":{"name":"tzCompare","decl":{"start":{"line":38,"column":16},"end":{"line":38,"column":25}},"loc":{"start":{"line":38,"column":72},"end":{"line":54,"column":1}},"line":38},"6":{"name":"tzCompareTime","decl":{"start":{"line":56,"column":16},"end":{"line":56,"column":29}},"loc":{"start":{"line":56,"column":70},"end":{"line":78,"column":1}},"line":56}},"branchMap":{"0":{"loc":{"start":{"line":7,"column":2},"end":{"line":10,"column":3}},"type":"if","locations":[{"start":{"line":7,"column":2},"end":{"line":10,"column":3}},{"start":{},"end":{}}],"line":7},"1":{"loc":{"start":{"line":16,"column":2},"end":{"line":22,"column":3}},"type":"if","locations":[{"start":{"line":16,"column":2},"end":{"line":22,"column":3}},{"start":{},"end":{}}],"line":16},"2":{"loc":{"start":{"line":18,"column":6},"end":{"line":20,"column":7}},"type":"if","locations":[{"start":{"line":18,"column":6},"end":{"line":20,"column":7}},{"start":{},"end":{}}],"line":18},"3":{"loc":{"start":{"line":28,"column":2},"end":{"line":34,"column":3}},"type":"if","locations":[{"start":{"line":28,"column":2},"end":{"line":34,"column":3}},{"start":{},"end":{}}],"line":28},"4":{"loc":{"start":{"line":30,"column":6},"end":{"line":32,"column":7}},"type":"if","locations":[{"start":{"line":30,"column":6},"end":{"line":32,"column":7}},{"start":{},"end":{}}],"line":30},"5":{"loc":{"start":{"line":30,"column":9},"end":{"line":30,"column":87}},"type":"binary-expr","locations":[{"start":{"line":30,"column":9},"end":{"line":30,"column":69}},{"start":{"line":30,"column":73},"end":{"line":30,"column":87}}],"line":30},"6":{"loc":{"start":{"line":40,"column":2},"end":{"line":53,"column":3}},"type":"if","locations":[{"start":{"line":40,"column":2},"end":{"line":53,"column":3}},{"start":{},"end":{}}],"line":40},"7":{"loc":{"start":{"line":44,"column":26},"end":{"line":44,"column":75}},"type":"cond-expr","locations":[{"start":{"line":44,"column":32},"end":{"line":44,"column":53}},{"start":{"line":44,"column":56},"end":{"line":44,"column":75}}],"line":44},"8":{"loc":{"start":{"line":45,"column":40},"end":{"line":45,"column":59}},"type":"binary-expr","locations":[{"start":{"line":45,"column":40},"end":{"line":45,"column":46}},{"start":{"line":45,"column":50},"end":{"line":45,"column":59}}],"line":45},"9":{"loc":{"start":{"line":46,"column":25},"end":{"line":46,"column":82}},"type":"cond-expr","locations":[{"start":{"line":46,"column":31},"end":{"line":46,"column":56}},{"start":{"line":46,"column":59},"end":{"line":46,"column":82}}],"line":46},"10":{"loc":{"start":{"line":48,"column":19},"end":{"line":48,"column":142}},"type":"cond-expr","locations":[{"start":{"line":48,"column":32},"end":{"line":48,"column":85}},{"start":{"line":48,"column":88},"end":{"line":48,"column":142}}],"line":48},"11":{"loc":{"start":{"line":50,"column":45},"end":{"line":50,"column":64}},"type":"binary-expr","locations":[{"start":{"line":50,"column":45},"end":{"line":50,"column":51}},{"start":{"line":50,"column":55},"end":{"line":50,"column":64}}],"line":50},"12":{"loc":{"start":{"line":52,"column":40},"end":{"line":52,"column":59}},"type":"binary-expr","locations":[{"start":{"line":52,"column":40},"end":{"line":52,"column":46}},{"start":{"line":52,"column":50},"end":{"line":52,"column":59}}],"line":52},"13":{"loc":{"start":{"line":57,"column":2},"end":{"line":76,"column":3}},"type":"if","locations":[{"start":{"line":57,"column":2},"end":{"line":76,"column":3}},{"start":{},"end":{}}],"line":57},"14":{"loc":{"start":{"line":64,"column":4},"end":{"line":66,"column":5}},"type":"if","locations":[{"start":{"line":64,"column":4},"end":{"line":66,"column":5}},{"start":{},"end":{}}],"line":64},"15":{"loc":{"start":{"line":67,"column":4},"end":{"line":72,"column":5}},"type":"if","locations":[{"start":{"line":67,"column":4},"end":{"line":72,"column":5}},{"start":{},"end":{}}],"line":67},"16":{"loc":{"start":{"line":67,"column":7},"end":{"line":67,"column":21}},"type":"binary-expr","locations":[{"start":{"line":67,"column":7},"end":{"line":67,"column":11}},{"start":{"line":67,"column":15},"end":{"line":67,"column":21}}],"line":67},"17":{"loc":{"start":{"line":69,"column":21},"end":{"line":69,"column":156}},"type":"cond-expr","locations":[{"start":{"line":69,"column":38},"end":{"line":69,"column":95}},{"start":{"line":69,"column":98},"end":{"line":69,"column":156}}],"line":69},"18":{"loc":{"start":{"line":71,"column":47},"end":{"line":71,"column":66}},"type":"binary-expr","locations":[{"start":{"line":71,"column":47},"end":{"line":71,"column":53}},{"start":{"line":71,"column":57},"end":{"line":71,"column":66}}],"line":71}},"s":{"0":1,"1":0,"2":0,"3":0,"4":0,"5":4,"6":4,"7":128,"8":4,"9":4,"10":12,"11":12,"12":12,"13":480,"14":12,"15":12,"16":8,"17":8,"18":8,"19":8,"20":8,"21":8,"22":8,"23":8,"24":8,"25":8,"26":4,"27":4,"28":4,"29":4,"30":4,"31":4,"32":4,"33":4,"34":4,"35":4,"36":4,"37":4,"38":4,"39":0,"40":0},"f":{"0":0,"1":4,"2":128,"3":12,"4":480,"5":8,"6":4},"b":{"0":[0,0],"1":[4,0],"2":[4,124],"3":[12,0],"4":[12,468],"5":[480,12],"6":[8,0],"7":[0,8],"8":[8,4],"9":[0,8],"10":[6,2],"11":[8,4],"12":[8,4],"13":[4,0],"14":[4,0],"15":[4,0],"16":[4,4],"17":[2,2],"18":[4,4]},"_coverageSchema":"1a1c01bbd47fc00a2c39e90264f33305004495a9","hash":"8f9fcb474ba63b323566cf5b10354da8b675c413"}
,"/Users/Code/compareTimeZone/lib/translation.ts": {"path":"/Users/Code/compareTimeZone/lib/translation.ts","statementMap":{"0":{"start":{"line":13,"column":40},"end":{"line":42,"column":1}}},"fnMap":{},"branchMap":{},"s":{"0":1},"f":{},"b":{},"_coverageSchema":"1a1c01bbd47fc00a2c39e90264f33305004495a9","hash":"bd650e9a04a31f941a2909f51b7fc73dc7e86d41"}
}
