TN:
SF:lib/cityOffsetMap.ts
FNF:0
FNH:0
DA:1,1
DA:46,1
DA:69,1
DA:95,1
DA:124,1
LF:5
LH:5
BRF:0
BRH:0
end_of_record
TN:
SF:lib/format.ts
FN:3,junctionFormat
FN:15,replaceFormat
FN:23,replaceFormatInput
FNF:3
FNH:3
FNDA:16,junctionFormat
FNDA:8,replaceFormat
FNDA:4,replaceFormatInput
DA:4,16
DA:5,14
DA:6,13
DA:7,13
DA:8,13
DA:9,51
DA:10,13
DA:12,0
DA:16,8
DA:17,8
DA:18,8
DA:19,4
DA:20,2
DA:24,4
DA:25,4
DA:26,4
DA:27,3
DA:28,2
LF:18
LH:17
BRDA:4,0,0,2
BRDA:4,0,1,14
BRDA:5,1,0,1
BRDA:5,1,1,13
BRDA:8,2,0,13
BRDA:8,2,1,0
BRDA:18,3,0,4
BRDA:18,3,1,4
BRDA:19,4,0,2
BRDA:19,4,1,2
BRDA:26,5,0,1
BRDA:26,5,1,3
BRDA:27,6,0,1
BRDA:27,6,1,2
BRF:14
BRH:13
end_of_record
TN:
SF:lib/index.ts
FN:6,compareLocal
FN:14,tzOffset
FN:17,(anonymous_2)
FN:26,gmtOffset
FN:29,(anonymous_4)
FN:38,tzCompare
FN:56,tzCompareTime
FNF:7
FNH:6
FNDA:0,compareLocal
FNDA:4,tzOffset
FNDA:128,(anonymous_2)
FNDA:12,gmtOffset
FNDA:480,(anonymous_4)
FNDA:8,tzCompare
FNDA:4,tzCompareTime
DA:4,1
DA:7,0
DA:8,0
DA:9,0
DA:11,0
DA:16,4
DA:17,4
DA:18,128
DA:19,4
DA:23,4
DA:27,12
DA:28,12
DA:29,12
DA:30,480
DA:31,12
DA:35,12
DA:40,8
DA:42,8
DA:43,8
DA:44,8
DA:45,8
DA:46,8
DA:48,8
DA:49,8
DA:50,8
DA:52,8
DA:57,4
DA:58,4
DA:59,4
DA:60,4
DA:61,4
DA:62,4
DA:64,4
DA:65,4
DA:67,4
DA:68,4
DA:69,4
DA:70,4
DA:71,4
DA:75,0
DA:77,0
LF:41
LH:35
BRDA:7,0,0,0
BRDA:7,0,1,0
BRDA:16,1,0,4
BRDA:16,1,1,0
BRDA:18,2,0,4
BRDA:18,2,1,124
BRDA:28,3,0,12
BRDA:28,3,1,0
BRDA:30,4,0,12
BRDA:30,4,1,468
BRDA:30,5,0,480
BRDA:30,5,1,12
BRDA:40,6,0,8
BRDA:40,6,1,0
BRDA:44,7,0,0
BRDA:44,7,1,8
BRDA:45,8,0,8
BRDA:45,8,1,4
BRDA:46,9,0,0
BRDA:46,9,1,8
BRDA:48,10,0,6
BRDA:48,10,1,2
BRDA:50,11,0,8
BRDA:50,11,1,4
BRDA:52,12,0,8
BRDA:52,12,1,4
BRDA:57,13,0,4
BRDA:57,13,1,0
BRDA:64,14,0,4
BRDA:64,14,1,0
BRDA:67,15,0,4
BRDA:67,15,1,0
BRDA:67,16,0,4
BRDA:67,16,1,4
BRDA:69,17,0,2
BRDA:69,17,1,2
BRDA:71,18,0,4
BRDA:71,18,1,4
BRF:38
BRH:28
end_of_record
TN:
SF:lib/translation.ts
FNF:0
FNH:0
DA:13,1
LF:1
LH:1
BRF:0
BRH:0
end_of_record
